<?xml version="1.0" encoding="UTF-8"?>
<!-- Generated by org.testng.reporters.JUnitReportReporter -->
<testsuite hostname="LeX-PC" failures="0" tests="16" name="com.felixgear.petstores.person.PersonTests" time="2.488" errors="0" timestamp="2024-06-18T11:59:36 CEST" skipped="13">
  <testcase classname="com.felixgear.petstores.person.PersonTests" name="testLogoutUserFailure" time="0.000"/>
  <system-out/>
  <testcase classname="com.felixgear.petstores.person.PersonTests" name="testCreateUsersWithArrayFailure" time="1.789"/>
  <system-out/>
  <testcase classname="com.felixgear.petstores.person.PersonTests" name="testGetUserByUsernameFailure" time="0.699"/>
  <system-out/>
  <testcase classname="com.felixgear.petstores.person.PersonTests" name="testLogoutUserSuccess">
    <skipped/>
  </testcase> <!-- testLogoutUserSuccess -->
  <system-out/>
  <testcase classname="com.felixgear.petstores.person.PersonTests" name="testLoginUserFailure">
    <skipped/>
  </testcase> <!-- testLoginUserFailure -->
  <system-out/>
  <testcase classname="com.felixgear.petstores.person.PersonTests" name="testCreateUsersWithListFailure">
    <skipped/>
  </testcase> <!-- testCreateUsersWithListFailure -->
  <system-out/>
  <testcase classname="com.felixgear.petstores.person.PersonTests" name="testCreatePersonSuccess">
    <skipped/>
  </testcase> <!-- testCreatePersonSuccess -->
  <system-out/>
  <testcase classname="com.felixgear.petstores.person.PersonTests" name="testCreateUsersWithArraySuccess">
    <skipped/>
  </testcase> <!-- testCreateUsersWithArraySuccess -->
  <system-out/>
  <testcase classname="com.felixgear.petstores.person.PersonTests" name="testGetUserByUsernameSuccess">
    <skipped/>
  </testcase> <!-- testGetUserByUsernameSuccess -->
  <system-out/>
  <testcase classname="com.felixgear.petstores.person.PersonTests" name="testUpdatePersonSuccess">
    <skipped/>
  </testcase> <!-- testUpdatePersonSuccess -->
  <system-out/>
  <testcase classname="com.felixgear.petstores.person.PersonTests" name="testUpdatePersonFailure">
    <skipped/>
  </testcase> <!-- testUpdatePersonFailure -->
  <system-out/>
  <testcase classname="com.felixgear.petstores.person.PersonTests" name="testDeletePersonSuccess">
    <skipped/>
  </testcase> <!-- testDeletePersonSuccess -->
  <system-out/>
  <testcase classname="com.felixgear.petstores.person.PersonTests" name="testDeletePersonFailure">
    <skipped/>
  </testcase> <!-- testDeletePersonFailure -->
  <system-out/>
  <testcase classname="com.felixgear.petstores.person.PersonTests" name="testLoginUserSuccess">
    <skipped/>
  </testcase> <!-- testLoginUserSuccess -->
  <system-out/>
  <testcase classname="com.felixgear.petstores.person.PersonTests" name="testCreateUsersWithListSuccess">
    <skipped/>
  </testcase> <!-- testCreateUsersWithListSuccess -->
  <system-out/>
  <testcase classname="com.felixgear.petstores.person.PersonTests" name="testCreatePersonFailure">
    <skipped/>
  </testcase> <!-- testCreatePersonFailure -->
  <system-out/>
</testsuite> <!-- com.felixgear.petstores.person.PersonTests -->
